2022-06-03 17:56:32.316  INFO [microservice#3,,] 32557 --- [main] c.m.training.MyServiceThreeApplication   : Starting MyServiceThreeApplication using Java 15.0.1 on shubham-HP-Notebook with PID 32557 (/home/shubham/Work/Spring-Workspace/MyServiceThree/target/classes started by shubham in /home/shubham/Work/Spring-Workspace/MyServiceThree)
2022-06-03 17:56:32.322  INFO [microservice#3,,] 32557 --- [main] c.m.training.MyServiceThreeApplication   : No active profile set, falling back to 1 default profile: "default"
2022-06-03 17:56:33.953  INFO [microservice#3,,] 32557 --- [main] o.s.cloud.context.scope.GenericScope     : BeanFactory id=c9b85d34-7080-3fd1-b2ca-230139219d90
2022-06-03 17:56:36.917  INFO [microservice#3,,] 32557 --- [main] o.s.b.w.embedded.tomcat.TomcatWebServer  : Tomcat initialized with port(s): 8083 (http)
2022-06-03 17:56:36.961  INFO [microservice#3,,] 32557 --- [main] o.apache.catalina.core.StandardService   : Starting service [Tomcat]
2022-06-03 17:56:36.962  INFO [microservice#3,,] 32557 --- [main] org.apache.catalina.core.StandardEngine  : Starting Servlet engine: [Apache Tomcat/9.0.63]
2022-06-03 17:56:37.431  INFO [microservice#3,,] 32557 --- [main] o.a.c.c.C.[Tomcat].[localhost].[/]       : Initializing Spring embedded WebApplicationContext
2022-06-03 17:56:37.432  INFO [microservice#3,,] 32557 --- [main] w.s.c.ServletWebServerApplicationContext : Root WebApplicationContext: initialization completed in 5012 ms
2022-06-03 17:56:38.000  WARN [microservice#3,,] 32557 --- [pool-1-thread-1] o.s.c.s.a.z.ZipkinAutoConfiguration      : Check result of the [RestTemplateSender{http://localhost:9411/api/v2/spans}] contains an error [CheckResult{ok=false, error=org.springframework.web.client.HttpClientErrorException$BadRequest: 400 Bad Request: "Empty JSON_V2 message"}]
2022-06-03 17:56:39.315  INFO [microservice#3,,] 32557 --- [main] o.s.b.w.embedded.tomcat.TomcatWebServer  : Tomcat started on port(s): 8083 (http) with context path ''
2022-06-03 17:56:39.373  INFO [microservice#3,,] 32557 --- [main] c.m.training.MyServiceThreeApplication   : Started MyServiceThreeApplication in 8.092 seconds (JVM running for 9.65)
2022-06-03 17:58:59.264  INFO [microservice#3,cdc7dae30ce7a91d,7de45506cf2dccb5] 32557 --- [http-nio-8083-exec-1] o.a.c.c.C.[Tomcat].[localhost].[/]       : Initializing Spring DispatcherServlet 'dispatcherServlet'
2022-06-03 17:58:59.265  INFO [microservice#3,cdc7dae30ce7a91d,7de45506cf2dccb5] 32557 --- [http-nio-8083-exec-1] o.s.web.servlet.DispatcherServlet        : Initializing Servlet 'dispatcherServlet'
2022-06-03 17:58:59.268  INFO [microservice#3,cdc7dae30ce7a91d,7de45506cf2dccb5] 32557 --- [http-nio-8083-exec-1] o.s.web.servlet.DispatcherServlet        : Completed initialization in 2 ms
2022-06-03 17:58:59.304  INFO [microservice#3,cdc7dae30ce7a91d,7de45506cf2dccb5] 32557 --- [http-nio-8083-exec-1] c.m.t.controller.AppThreeRestController  : Inside microservice#3
2022-06-03 17:58:59.304  INFO [microservice#3,cdc7dae30ce7a91d,7de45506cf2dccb5] 32557 --- [http-nio-8083-exec-1] c.m.t.controller.AppThreeRestController  : done with microservice#3 
2022-06-03 17:59:02.353  WARN [microservice#3,,] 32557 --- [AsyncReporter{RestTemplateSender{http://localhost:9411/api/v2/spans}}] z.r.AsyncReporter$BoundedAsyncReporter   : Spans were dropped due to exceptions. All subsequent errors will be logged at FINE level.
2022-06-03 17:59:03.214  WARN [microservice#3,,] 32557 --- [AsyncReporter{RestTemplateSender{http://localhost:9411/api/v2/spans}}] z.r.AsyncReporter$BoundedAsyncReporter   : Dropped 1 spans due to ResourceAccessException(I/O error on POST request for "http://localhost:9411/api/v2/spans": Read timed out; nested exception is java.net.SocketTimeoutException: Read timed out)

org.springframework.web.client.ResourceAccessException: I/O error on POST request for "http://localhost:9411/api/v2/spans": Read timed out; nested exception is java.net.SocketTimeoutException: Read timed out
	at org.springframework.web.client.RestTemplate.doExecute(RestTemplate.java:785) ~[spring-web-5.3.20.jar:5.3.20]
	at org.springframework.cloud.sleuth.zipkin2.ZipkinRestTemplateWrapper.doExecute(ZipkinRestTemplateWrapper.java:67) ~[spring-cloud-sleuth-zipkin-3.1.3.jar:3.1.3]
	at org.springframework.web.client.RestTemplate.exchange(RestTemplate.java:660) ~[spring-web-5.3.20.jar:5.3.20]
	at org.springframework.cloud.sleuth.zipkin2.RestTemplateSender.post(RestTemplateSender.java:51) ~[spring-cloud-sleuth-zipkin-3.1.3.jar:3.1.3]
	at org.springframework.cloud.sleuth.zipkin2.RestTemplateSender.lambda$new$0(RestTemplateSender.java:44) ~[spring-cloud-sleuth-zipkin-3.1.3.jar:3.1.3]
	at org.springframework.cloud.sleuth.zipkin2.HttpSender.post(HttpSender.java:137) ~[spring-cloud-sleuth-zipkin-3.1.3.jar:3.1.3]
	at org.springframework.cloud.sleuth.zipkin2.HttpSender$HttpPostCall.doExecute(HttpSender.java:150) ~[spring-cloud-sleuth-zipkin-3.1.3.jar:3.1.3]
	at org.springframework.cloud.sleuth.zipkin2.HttpSender$HttpPostCall.doExecute(HttpSender.java:140) ~[spring-cloud-sleuth-zipkin-3.1.3.jar:3.1.3]
	at zipkin2.Call$Base.execute(Call.java:391) ~[zipkin-2.23.2.jar:na]
	at zipkin2.reporter.AsyncReporter$BoundedAsyncReporter.flush(AsyncReporter.java:299) ~[zipkin-reporter-2.16.3.jar:na]
	at zipkin2.reporter.AsyncReporter$Flusher.run(AsyncReporter.java:378) ~[zipkin-reporter-2.16.3.jar:na]
	at java.base/java.lang.Thread.run(Thread.java:832) ~[na:na]
Caused by: java.net.SocketTimeoutException: Read timed out
	at java.base/sun.nio.ch.NioSocketImpl.timedRead(NioSocketImpl.java:283) ~[na:na]
	at java.base/sun.nio.ch.NioSocketImpl.implRead(NioSocketImpl.java:309) ~[na:na]
	at java.base/sun.nio.ch.NioSocketImpl.read(NioSocketImpl.java:350) ~[na:na]
	at java.base/sun.nio.ch.NioSocketImpl$1.read(NioSocketImpl.java:803) ~[na:na]
	at java.base/java.net.Socket$SocketInputStream.read(Socket.java:981) ~[na:na]
	at java.base/java.io.BufferedInputStream.fill(BufferedInputStream.java:244) ~[na:na]
	at java.base/java.io.BufferedInputStream.read1(BufferedInputStream.java:284) ~[na:na]
	at java.base/java.io.BufferedInputStream.read(BufferedInputStream.java:343) ~[na:na]
	at java.base/sun.net.www.http.HttpClient.parseHTTPHeader(HttpClient.java:754) ~[na:na]
	at java.base/sun.net.www.http.HttpClient.parseHTTP(HttpClient.java:689) ~[na:na]
	at java.base/sun.net.www.protocol.http.HttpURLConnection.getInputStream0(HttpURLConnection.java:1623) ~[na:na]
	at java.base/sun.net.www.protocol.http.HttpURLConnection.getInputStream(HttpURLConnection.java:1528) ~[na:na]
	at java.base/java.net.HttpURLConnection.getResponseCode(HttpURLConnection.java:527) ~[na:na]
	at org.springframework.http.client.SimpleClientHttpResponse.getRawStatusCode(SimpleClientHttpResponse.java:55) ~[spring-web-5.3.20.jar:5.3.20]
	at org.springframework.web.client.DefaultResponseErrorHandler.hasError(DefaultResponseErrorHandler.java:61) ~[spring-web-5.3.20.jar:5.3.20]
	at org.springframework.web.client.RestTemplate.handleResponse(RestTemplate.java:807) ~[spring-web-5.3.20.jar:5.3.20]
	at org.springframework.web.client.RestTemplate.doExecute(RestTemplate.java:777) ~[spring-web-5.3.20.jar:5.3.20]
	... 11 common frames omitted

2022-06-03 18:36:18.108  INFO [microservice#3,81fba903ba9b5aaa,fd45f30633d58c1b] 32557 --- [http-nio-8083-exec-3] c.m.t.controller.AppThreeRestController  : Inside microservice#3
2022-06-03 18:36:18.126  INFO [microservice#3,81fba903ba9b5aaa,fd45f30633d58c1b] 32557 --- [http-nio-8083-exec-3] c.m.t.controller.AppThreeRestController  : done with microservice#3 
2022-06-03 18:37:03.734  INFO [microservice#3,,] 32557 --- [RMI TCP Connection(51)-127.0.0.1] inMXBeanRegistrar$SpringApplicationAdmin : Application shutdown requested.
2022-06-03 18:37:04.760  INFO [microservice#3,,] 32557 --- [Thread-2] o.s.c.s.a.z.ZipkinAutoConfiguration      : Flushing remaining spans on shutdown
